===========================================================
🚀 Mars Rover Bulk Downloader gestartet für: PERSEVERANCE
===========================================================
➡️ Frage Mission-Manifest an, um den letzten Sol zu finden...
✅ Letzter verfügbarer Sol ist: 1617. Starte den Countdown...

--- Bearbeite Sol 1617 ---
 ✅ 303 Fotos von der API erhalten. Beginne Überprüfung...
 ℹ️  Zusammenfassung für Sol 1617: 0 neu, 303 übersprungen.

--- Bearbeite Sol 1616 ---
 ✅ 67 Fotos von der API erhalten. Beginne Überprüfung...
 ℹ️  Zusammenfassung für Sol 1616: 0 neu, 67 übersprungen.

--- Bearbeite Sol 1615 ---
 ✅ 426 Fotos von der API erhalten. Beginne Überprüfung...
 ℹ️  Zusammenfassung für Sol 1615: 256 neu, 170 übersprungen.

--- Bearbeite Sol 1614 ---
 ✅ 214 Fotos von der API erhalten. Beginne Überprüfung...
 ℹ️  Zusammenfassung für Sol 1614: 214 neu, 0 übersprungen.

--- Bearbeite Sol 1613 ---
 ✅ 252 Fotos von der API erhalten. Beginne Überprüfung...
 ℹ️  Zusammenfassung für Sol 1613: 252 neu, 0 übersprungen.

--- Bearbeite Sol 1612 ---
 ✅ 76 Fotos von der API erhalten. Beginne Überprüfung...
 ℹ️  Zusammenfassung für Sol 1612: 76 neu, 0 übersprungen.

--- Bearbeite Sol 1611 ---
 ✅ 297 Fotos von der API erhalten. Beginne Überprüfung...
 ℹ️  Zusammenfassung für Sol 1611: 297 neu, 0 übersprungen.

--- Bearbeite Sol 1610 ---
 ✅ 538 Fotos von der API erhalten. Beginne Überprüfung...
 ℹ️  Zusammenfassung für Sol 1610: 538 neu, 0 übersprungen.

--- Bearbeite Sol 1609 ---
 ✅ 222 Fotos von der API erhalten. Beginne Überprüfung...
 ℹ️  Zusammenfassung für Sol 1609: 222 neu, 0 übersprungen.

--- Bearbeite Sol 1608 ---
 ✅ 460 Fotos von der API erhalten. Beginne Überprüfung...
 ℹ️  Zusammenfassung für Sol 1608: 460 neu, 0 übersprungen.

--- Bearbeite Sol 1607 ---
 ✅ 42 Fotos von der API erhalten. Beginne Überprüfung...
 ℹ️  Zusammenfassung für Sol 1607: 42 neu, 0 übersprungen.

--- Bearbeite Sol 1606 ---
 ✅ 379 Fotos von der API erhalten. Beginne Überprüfung...
 ℹ️  Zusammenfassung für Sol 1606: 379 neu, 0 übersprungen.

--- Bearbeite Sol 1605 ---
 ✅ 64 Fotos von der API erhalten. Beginne Überprüfung...
 ℹ️  Zusammenfassung für Sol 1605: 64 neu, 0 übersprungen.

--- Bearbeite Sol 1604 ---
 ✅ 119 Fotos von der API erhalten. Beginne Überprüfung...
